{"/Users/hacktiv8/Downloads/lantang/sesi7/mercari/cart/app.js": {"path":"/Users/hacktiv8/Downloads/lantang/sesi7/mercari/cart/app.js","statementMap":{"0":{"start":{"line":1,"column":0},"end":{"line":1,"column":27}},"1":{"start":{"line":2,"column":16},"end":{"line":2,"column":34}},"2":{"start":{"line":3,"column":13},"end":{"line":3,"column":28}},"3":{"start":{"line":4,"column":18},"end":{"line":4,"column":48}},"4":{"start":{"line":5,"column":23},"end":{"line":5,"column":60}},"5":{"start":{"line":6,"column":19},"end":{"line":6,"column":55}},"6":{"start":{"line":7,"column":22},"end":{"line":7,"column":56}},"7":{"start":{"line":9,"column":12},"end":{"line":9,"column":21}},"8":{"start":{"line":10,"column":0},"end":{"line":10,"column":16}},"9":{"start":{"line":11,"column":0},"end":{"line":11,"column":24}},"10":{"start":{"line":14,"column":0},"end":{"line":14,"column":26}},"11":{"start":{"line":17,"column":0},"end":{"line":23,"column":5}},"12":{"start":{"line":19,"column":4},"end":{"line":19,"column":35}},"13":{"start":{"line":22,"column":4},"end":{"line":22,"column":46}},"14":{"start":{"line":26,"column":0},"end":{"line":26,"column":44}},"15":{"start":{"line":29,"column":0},"end":{"line":31,"column":3}},"16":{"start":{"line":30,"column":2},"end":{"line":30,"column":48}},"17":{"start":{"line":34,"column":0},"end":{"line":34,"column":21}}},"fnMap":{"0":{"name":"(anonymous_0)","decl":{"start":{"line":18,"column":8},"end":{"line":18,"column":9}},"loc":{"start":{"line":18,"column":14},"end":{"line":20,"column":3}},"line":18},"1":{"name":"(anonymous_1)","decl":{"start":{"line":21,"column":9},"end":{"line":21,"column":10}},"loc":{"start":{"line":21,"column":18},"end":{"line":23,"column":3}},"line":21},"2":{"name":"(anonymous_2)","decl":{"start":{"line":29,"column":13},"end":{"line":29,"column":14}},"loc":{"start":{"line":29,"column":27},"end":{"line":31,"column":1}},"line":29}},"branchMap":{},"s":{"0":1,"1":1,"2":1,"3":1,"4":1,"5":1,"6":1,"7":1,"8":1,"9":1,"10":1,"11":1,"12":1,"13":0,"14":1,"15":1,"16":0,"17":1},"f":{"0":1,"1":0,"2":0},"b":{},"_coverageSchema":"1a1c01bbd47fc00a2c39e90264f33305004495a9","hash":"904776461ed4abe536302dc91a80e63738ed74e6"}
,"/Users/hacktiv8/Downloads/lantang/sesi7/mercari/cart/application/CartService.js": {"path":"/Users/hacktiv8/Downloads/lantang/sesi7/mercari/cart/application/CartService.js","statementMap":{"0":{"start":{"line":1,"column":23},"end":{"line":1,"column":75}},"1":{"start":{"line":5,"column":15},"end":{"line":5,"column":73}},"2":{"start":{"line":6,"column":2},"end":{"line":6,"column":78}},"3":{"start":{"line":6,"column":16},"end":{"line":6,"column":78}},"4":{"start":{"line":7,"column":2},"end":{"line":7,"column":21}},"5":{"start":{"line":11,"column":2},"end":{"line":11,"column":50}},"6":{"start":{"line":17,"column":2},"end":{"line":17,"column":35}},"7":{"start":{"line":19,"column":2},"end":{"line":19,"column":67}},"8":{"start":{"line":23,"column":2},"end":{"line":23,"column":60}},"9":{"start":{"line":27,"column":2},"end":{"line":27,"column":48}},"10":{"start":{"line":30,"column":0},"end":{"line":30,"column":69}}},"fnMap":{"0":{"name":"fetchProduct","decl":{"start":{"line":4,"column":15},"end":{"line":4,"column":27}},"loc":{"start":{"line":4,"column":39},"end":{"line":8,"column":1}},"line":4},"1":{"name":"getCartByUserId","decl":{"start":{"line":10,"column":15},"end":{"line":10,"column":30}},"loc":{"start":{"line":10,"column":39},"end":{"line":12,"column":1}},"line":10},"2":{"name":"addItem","decl":{"start":{"line":14,"column":15},"end":{"line":14,"column":22}},"loc":{"start":{"line":14,"column":84},"end":{"line":20,"column":1}},"line":14},"3":{"name":"removeItem","decl":{"start":{"line":22,"column":15},"end":{"line":22,"column":25}},"loc":{"start":{"line":22,"column":45},"end":{"line":24,"column":1}},"line":22},"4":{"name":"clearCart","decl":{"start":{"line":26,"column":15},"end":{"line":26,"column":24}},"loc":{"start":{"line":26,"column":33},"end":{"line":28,"column":1}},"line":26}},"branchMap":{"0":{"loc":{"start":{"line":6,"column":2},"end":{"line":6,"column":78}},"type":"if","locations":[{"start":{"line":6,"column":2},"end":{"line":6,"column":78}},{"start":{},"end":{}}],"line":6},"1":{"loc":{"start":{"line":14,"column":52},"end":{"line":14,"column":82}},"type":"default-arg","locations":[{"start":{"line":14,"column":70},"end":{"line":14,"column":82}}],"line":14}},"s":{"0":2,"1":2,"2":2,"3":1,"4":1,"5":1,"6":4,"7":2,"8":1,"9":1,"10":2},"f":{"0":2,"1":1,"2":4,"3":1,"4":1},"b":{"0":[1,1],"1":[2]},"_coverageSchema":"1a1c01bbd47fc00a2c39e90264f33305004495a9","hash":"a053b9ff1fdbf8942bee0fb3d2aa68f35109d061"}
,"/Users/hacktiv8/Downloads/lantang/sesi7/mercari/cart/infrastructure/CartModel.js": {"path":"/Users/hacktiv8/Downloads/lantang/sesi7/mercari/cart/infrastructure/CartModel.js","statementMap":{"0":{"start":{"line":1,"column":22},"end":{"line":1,"column":42}},"1":{"start":{"line":3,"column":0},"end":{"line":21,"column":2}},"2":{"start":{"line":4,"column":15},"end":{"line":7,"column":4}},"3":{"start":{"line":9,"column":19},"end":{"line":14,"column":4}},"4":{"start":{"line":17,"column":2},"end":{"line":17,"column":64}},"5":{"start":{"line":18,"column":2},"end":{"line":18,"column":53}},"6":{"start":{"line":20,"column":2},"end":{"line":20,"column":28}}},"fnMap":{"0":{"name":"(anonymous_0)","decl":{"start":{"line":3,"column":17},"end":{"line":3,"column":18}},"loc":{"start":{"line":3,"column":32},"end":{"line":21,"column":1}},"line":3}},"branchMap":{},"s":{"0":2,"1":2,"2":3,"3":3,"4":3,"5":3,"6":3},"f":{"0":3},"b":{},"_coverageSchema":"1a1c01bbd47fc00a2c39e90264f33305004495a9","hash":"c9594d12253cd9d6084b6ba3d98bf0e94984d34c"}
,"/Users/hacktiv8/Downloads/lantang/sesi7/mercari/cart/infrastructure/CartRepositorySequelize.js": {"path":"/Users/hacktiv8/Downloads/lantang/sesi7/mercari/cart/infrastructure/CartRepositorySequelize.js","statementMap":{"0":{"start":{"line":1,"column":18},"end":{"line":1,"column":33}},"1":{"start":{"line":2,"column":19},"end":{"line":2,"column":41}},"2":{"start":{"line":3,"column":27},"end":{"line":3,"column":48}},"3":{"start":{"line":6,"column":2},"end":{"line":9,"column":5}},"4":{"start":{"line":14,"column":13},"end":{"line":14,"column":54}},"5":{"start":{"line":15,"column":2},"end":{"line":17,"column":3}},"6":{"start":{"line":16,"column":4},"end":{"line":16,"column":41}},"7":{"start":{"line":20,"column":13},"end":{"line":20,"column":78}},"8":{"start":{"line":21,"column":2},"end":{"line":26,"column":3}},"9":{"start":{"line":22,"column":4},"end":{"line":22,"column":30}},"10":{"start":{"line":23,"column":4},"end":{"line":23,"column":22}},"11":{"start":{"line":25,"column":4},"end":{"line":25,"column":68}},"12":{"start":{"line":27,"column":2},"end":{"line":27,"column":29}},"13":{"start":{"line":31,"column":13},"end":{"line":31,"column":54}},"14":{"start":{"line":32,"column":2},"end":{"line":32,"column":25}},"15":{"start":{"line":32,"column":13},"end":{"line":32,"column":25}},"16":{"start":{"line":33,"column":2},"end":{"line":33,"column":68}},"17":{"start":{"line":34,"column":2},"end":{"line":34,"column":29}},"18":{"start":{"line":38,"column":13},"end":{"line":38,"column":54}},"19":{"start":{"line":39,"column":2},"end":{"line":39,"column":25}},"20":{"start":{"line":39,"column":13},"end":{"line":39,"column":25}},"21":{"start":{"line":40,"column":2},"end":{"line":40,"column":57}},"22":{"start":{"line":41,"column":2},"end":{"line":41,"column":29}},"23":{"start":{"line":44,"column":0},"end":{"line":44,"column":65}}},"fnMap":{"0":{"name":"getByUserId","decl":{"start":{"line":5,"column":15},"end":{"line":5,"column":26}},"loc":{"start":{"line":5,"column":35},"end":{"line":10,"column":1}},"line":5},"1":{"name":"addItem","decl":{"start":{"line":12,"column":15},"end":{"line":12,"column":22}},"loc":{"start":{"line":12,"column":52},"end":{"line":28,"column":1}},"line":12},"2":{"name":"removeItem","decl":{"start":{"line":30,"column":15},"end":{"line":30,"column":25}},"loc":{"start":{"line":30,"column":45},"end":{"line":35,"column":1}},"line":30},"3":{"name":"clearCart","decl":{"start":{"line":37,"column":15},"end":{"line":37,"column":24}},"loc":{"start":{"line":37,"column":33},"end":{"line":42,"column":1}},"line":37}},"branchMap":{"0":{"loc":{"start":{"line":15,"column":2},"end":{"line":17,"column":3}},"type":"if","locations":[{"start":{"line":15,"column":2},"end":{"line":17,"column":3}},{"start":{},"end":{}}],"line":15},"1":{"loc":{"start":{"line":21,"column":2},"end":{"line":26,"column":3}},"type":"if","locations":[{"start":{"line":21,"column":2},"end":{"line":26,"column":3}},{"start":{"line":24,"column":9},"end":{"line":26,"column":3}}],"line":21},"2":{"loc":{"start":{"line":32,"column":2},"end":{"line":32,"column":25}},"type":"if","locations":[{"start":{"line":32,"column":2},"end":{"line":32,"column":25}},{"start":{},"end":{}}],"line":32},"3":{"loc":{"start":{"line":39,"column":2},"end":{"line":39,"column":25}},"type":"if","locations":[{"start":{"line":39,"column":2},"end":{"line":39,"column":25}},{"start":{},"end":{}}],"line":39}},"s":{"0":2,"1":2,"2":2,"3":1,"4":1,"5":1,"6":1,"7":1,"8":1,"9":0,"10":0,"11":1,"12":1,"13":0,"14":0,"15":0,"16":0,"17":0,"18":0,"19":0,"20":0,"21":0,"22":0,"23":2},"f":{"0":1,"1":1,"2":0,"3":0},"b":{"0":[1,0],"1":[0,1],"2":[0,0],"3":[0,0]},"_coverageSchema":"1a1c01bbd47fc00a2c39e90264f33305004495a9","hash":"86f67793d7dace3ba8273dc5a638816f935a3d89"}
,"/Users/hacktiv8/Downloads/lantang/sesi7/mercari/cart/infrastructure/db.js": {"path":"/Users/hacktiv8/Downloads/lantang/sesi7/mercari/cart/infrastructure/db.js","statementMap":{"0":{"start":{"line":1,"column":22},"end":{"line":1,"column":42}},"1":{"start":{"line":2,"column":0},"end":{"line":2,"column":27}},"2":{"start":{"line":4,"column":18},"end":{"line":14,"column":1}},"3":{"start":{"line":16,"column":0},"end":{"line":16,"column":27}}},"fnMap":{},"branchMap":{"0":{"loc":{"start":{"line":10,"column":13},"end":{"line":10,"column":49}},"type":"binary-expr","locations":[{"start":{"line":10,"column":13},"end":{"line":10,"column":35}},{"start":{"line":10,"column":39},"end":{"line":10,"column":49}}],"line":10}},"s":{"0":2,"1":2,"2":2,"3":2},"f":{},"b":{"0":[2,0]},"_coverageSchema":"1a1c01bbd47fc00a2c39e90264f33305004495a9","hash":"130f603f8f340159d00db3394a98a32422690906"}
,"/Users/hacktiv8/Downloads/lantang/sesi7/mercari/cart/presentation/CartController.js": {"path":"/Users/hacktiv8/Downloads/lantang/sesi7/mercari/cart/presentation/CartController.js","statementMap":{"0":{"start":{"line":1,"column":20},"end":{"line":1,"column":57}},"1":{"start":{"line":4,"column":2},"end":{"line":10,"column":3}},"2":{"start":{"line":5,"column":19},"end":{"line":5,"column":35}},"3":{"start":{"line":6,"column":17},"end":{"line":6,"column":58}},"4":{"start":{"line":7,"column":4},"end":{"line":7,"column":19}},"5":{"start":{"line":9,"column":4},"end":{"line":9,"column":51}},"6":{"start":{"line":14,"column":2},"end":{"line":20,"column":3}},"7":{"start":{"line":15,"column":44},"end":{"line":15,"column":52}},"8":{"start":{"line":16,"column":17},"end":{"line":16,"column":71}},"9":{"start":{"line":17,"column":4},"end":{"line":17,"column":31}},"10":{"start":{"line":19,"column":4},"end":{"line":19,"column":51}},"11":{"start":{"line":24,"column":2},"end":{"line":30,"column":3}},"12":{"start":{"line":25,"column":34},"end":{"line":25,"column":42}},"13":{"start":{"line":26,"column":17},"end":{"line":26,"column":64}},"14":{"start":{"line":27,"column":4},"end":{"line":27,"column":19}},"15":{"start":{"line":29,"column":4},"end":{"line":29,"column":51}},"16":{"start":{"line":34,"column":2},"end":{"line":40,"column":3}},"17":{"start":{"line":35,"column":23},"end":{"line":35,"column":31}},"18":{"start":{"line":36,"column":17},"end":{"line":36,"column":52}},"19":{"start":{"line":37,"column":4},"end":{"line":37,"column":19}},"20":{"start":{"line":39,"column":4},"end":{"line":39,"column":51}},"21":{"start":{"line":43,"column":0},"end":{"line":43,"column":61}}},"fnMap":{"0":{"name":"getCart","decl":{"start":{"line":3,"column":15},"end":{"line":3,"column":22}},"loc":{"start":{"line":3,"column":33},"end":{"line":11,"column":1}},"line":3},"1":{"name":"addItem","decl":{"start":{"line":13,"column":15},"end":{"line":13,"column":22}},"loc":{"start":{"line":13,"column":33},"end":{"line":21,"column":1}},"line":13},"2":{"name":"removeItem","decl":{"start":{"line":23,"column":15},"end":{"line":23,"column":25}},"loc":{"start":{"line":23,"column":36},"end":{"line":31,"column":1}},"line":23},"3":{"name":"clearCart","decl":{"start":{"line":33,"column":15},"end":{"line":33,"column":24}},"loc":{"start":{"line":33,"column":35},"end":{"line":41,"column":1}},"line":33}},"branchMap":{},"s":{"0":1,"1":0,"2":0,"3":0,"4":0,"5":0,"6":2,"7":2,"8":2,"9":1,"10":1,"11":0,"12":0,"13":0,"14":0,"15":0,"16":0,"17":0,"18":0,"19":0,"20":0,"21":1},"f":{"0":0,"1":2,"2":0,"3":0},"b":{},"_coverageSchema":"1a1c01bbd47fc00a2c39e90264f33305004495a9","hash":"8e9612494f35f899fb6269d7fa808bd2c88e8d09"}
,"/Users/hacktiv8/Downloads/lantang/sesi7/mercari/cart/presentation/CartRouter.js": {"path":"/Users/hacktiv8/Downloads/lantang/sesi7/mercari/cart/presentation/CartRouter.js","statementMap":{"0":{"start":{"line":1,"column":16},"end":{"line":1,"column":34}},"1":{"start":{"line":2,"column":15},"end":{"line":2,"column":31}},"2":{"start":{"line":3,"column":23},"end":{"line":3,"column":50}},"3":{"start":{"line":5,"column":0},"end":{"line":5,"column":40}},"4":{"start":{"line":6,"column":0},"end":{"line":6,"column":46}},"5":{"start":{"line":7,"column":0},"end":{"line":7,"column":51}},"6":{"start":{"line":8,"column":0},"end":{"line":8,"column":45}},"7":{"start":{"line":10,"column":0},"end":{"line":10,"column":24}}},"fnMap":{},"branchMap":{},"s":{"0":1,"1":1,"2":1,"3":1,"4":1,"5":1,"6":1,"7":1},"f":{},"b":{},"_coverageSchema":"1a1c01bbd47fc00a2c39e90264f33305004495a9","hash":"a3584210eed7a9aee1d3b14a9b56e46cc64cb9ba"}
}
