TN:
SF:app.js
FN:18,(anonymous_0)
FN:21,(anonymous_1)
FN:29,(anonymous_2)
FNF:3
FNH:1
FNDA:1,(anonymous_0)
FNDA:0,(anonymous_1)
FNDA:0,(anonymous_2)
DA:1,1
DA:2,1
DA:3,1
DA:4,1
DA:5,1
DA:6,1
DA:7,1
DA:9,1
DA:10,1
DA:11,1
DA:14,1
DA:17,1
DA:19,1
DA:22,0
DA:26,1
DA:29,1
DA:30,0
DA:34,1
LF:18
LH:16
BRF:0
BRH:0
end_of_record
TN:
SF:application/CartService.js
FN:4,fetchProduct
FN:10,getCartByUserId
FN:14,addItem
FN:22,removeItem
FN:26,clearCart
FNF:5
FNH:5
FNDA:2,fetchProduct
FNDA:1,getCartByUserId
FNDA:4,addItem
FNDA:1,removeItem
FNDA:1,clearCart
DA:1,2
DA:5,2
DA:6,2
DA:7,1
DA:11,1
DA:17,4
DA:19,2
DA:23,1
DA:27,1
DA:30,2
LF:10
LH:10
BRDA:6,0,0,1
BRDA:6,0,1,1
BRDA:14,1,0,2
BRF:3
BRH:3
end_of_record
TN:
SF:infrastructure/CartModel.js
FN:3,(anonymous_0)
FNF:1
FNH:1
FNDA:3,(anonymous_0)
DA:1,2
DA:3,2
DA:4,3
DA:9,3
DA:17,3
DA:18,3
DA:20,3
LF:7
LH:7
BRF:0
BRH:0
end_of_record
TN:
SF:infrastructure/CartRepositorySequelize.js
FN:5,getByUserId
FN:12,addItem
FN:30,removeItem
FN:37,clearCart
FNF:4
FNH:2
FNDA:1,getByUserId
FNDA:1,addItem
FNDA:0,removeItem
FNDA:0,clearCart
DA:1,2
DA:2,2
DA:3,2
DA:6,1
DA:14,1
DA:15,1
DA:16,1
DA:20,1
DA:21,1
DA:22,0
DA:23,0
DA:25,1
DA:27,1
DA:31,0
DA:32,0
DA:33,0
DA:34,0
DA:38,0
DA:39,0
DA:40,0
DA:41,0
DA:44,2
LF:22
LH:12
BRDA:15,0,0,1
BRDA:15,0,1,0
BRDA:21,1,0,0
BRDA:21,1,1,1
BRDA:32,2,0,0
BRDA:32,2,1,0
BRDA:39,3,0,0
BRDA:39,3,1,0
BRF:8
BRH:2
end_of_record
TN:
SF:infrastructure/db.js
FNF:0
FNH:0
DA:1,2
DA:2,2
DA:4,2
DA:16,2
LF:4
LH:4
BRDA:10,0,0,2
BRDA:10,0,1,0
BRF:2
BRH:1
end_of_record
TN:
SF:presentation/CartController.js
FN:3,getCart
FN:13,addItem
FN:23,removeItem
FN:33,clearCart
FNF:4
FNH:1
FNDA:0,getCart
FNDA:2,addItem
FNDA:0,removeItem
FNDA:0,clearCart
DA:1,1
DA:4,0
DA:5,0
DA:6,0
DA:7,0
DA:9,0
DA:14,2
DA:15,2
DA:16,2
DA:17,1
DA:19,1
DA:24,0
DA:25,0
DA:26,0
DA:27,0
DA:29,0
DA:34,0
DA:35,0
DA:36,0
DA:37,0
DA:39,0
DA:43,1
LF:22
LH:7
BRF:0
BRH:0
end_of_record
TN:
SF:presentation/CartRouter.js
FNF:0
FNH:0
DA:1,1
DA:2,1
DA:3,1
DA:5,1
DA:6,1
DA:7,1
DA:8,1
DA:10,1
LF:8
LH:8
BRF:0
BRH:0
end_of_record
